2023-03-28 18:07:07,263 Note: NumExpr detected 24 cores but "NUMEXPR_MAX_THREADS" not set, so enforcing safe limit of 8.
2023-03-28 18:07:07,263 NumExpr defaulting to 8 threads.
2023-03-28 18:07:07,555 matplotlib data path: /cs/student/projects1/2019/nsultana/anaconda3/envs/fyp/lib/python3.8/site-packages/matplotlib/mpl-data
2023-03-28 18:07:07,560 CONFIGDIR=/cs/student/ug/2019/nsultana/.config/matplotlib
2023-03-28 18:07:07,562 interactive is False
2023-03-28 18:07:07,562 platform is linux
2023-03-28 18:07:07,635 CACHEDIR=/cs/student/ug/2019/nsultana/.cache/matplotlib
2023-03-28 18:07:07,638 Using fontManager instance from /cs/student/ug/2019/nsultana/.cache/matplotlib/fontlist-v330.json
2023-03-28 18:07:10,415 conv1.weight
2023-03-28 18:07:10,416 bn1.weight
2023-03-28 18:07:10,416 bn1.bias
2023-03-28 18:07:10,416 layer1.0.conv1.weight
2023-03-28 18:07:10,416 layer1.0.bn1.weight
2023-03-28 18:07:10,416 layer1.0.bn1.bias
2023-03-28 18:07:10,416 layer1.0.conv2.weight
2023-03-28 18:07:10,416 layer1.0.bn2.weight
2023-03-28 18:07:10,416 layer1.0.bn2.bias
2023-03-28 18:07:10,416 layer1.1.conv1.weight
2023-03-28 18:07:10,416 layer1.1.bn1.weight
2023-03-28 18:07:10,416 layer1.1.bn1.bias
2023-03-28 18:07:10,416 layer1.1.conv2.weight
2023-03-28 18:07:10,416 layer1.1.bn2.weight
2023-03-28 18:07:10,416 layer1.1.bn2.bias
2023-03-28 18:07:10,416 layer1.2.conv1.weight
2023-03-28 18:07:10,416 layer1.2.bn1.weight
2023-03-28 18:07:10,416 layer1.2.bn1.bias
2023-03-28 18:07:10,417 layer1.2.conv2.weight
2023-03-28 18:07:10,417 layer1.2.bn2.weight
2023-03-28 18:07:10,417 layer1.2.bn2.bias
2023-03-28 18:07:10,417 layer2.0.conv1.weight
2023-03-28 18:07:10,417 layer2.0.bn1.weight
2023-03-28 18:07:10,417 layer2.0.bn1.bias
2023-03-28 18:07:10,417 layer2.0.conv2.weight
2023-03-28 18:07:10,417 layer2.0.bn2.weight
2023-03-28 18:07:10,417 layer2.0.bn2.bias
2023-03-28 18:07:10,417 layer2.0.downsample.0.weight
2023-03-28 18:07:10,417 layer2.0.downsample.1.weight
2023-03-28 18:07:10,417 layer2.0.downsample.1.bias
2023-03-28 18:07:10,417 layer2.1.conv1.weight
2023-03-28 18:07:10,417 layer2.1.bn1.weight
2023-03-28 18:07:10,417 layer2.1.bn1.bias
2023-03-28 18:07:10,417 layer2.1.conv2.weight
2023-03-28 18:07:10,417 layer2.1.bn2.weight
2023-03-28 18:07:10,417 layer2.1.bn2.bias
2023-03-28 18:07:10,417 layer2.2.conv1.weight
2023-03-28 18:07:10,417 layer2.2.bn1.weight
2023-03-28 18:07:10,417 layer2.2.bn1.bias
2023-03-28 18:07:10,417 layer2.2.conv2.weight
2023-03-28 18:07:10,417 layer2.2.bn2.weight
2023-03-28 18:07:10,417 layer2.2.bn2.bias
2023-03-28 18:07:10,417 layer2.3.conv1.weight
2023-03-28 18:07:10,418 layer2.3.bn1.weight
2023-03-28 18:07:10,418 layer2.3.bn1.bias
2023-03-28 18:07:10,418 layer2.3.conv2.weight
2023-03-28 18:07:10,418 layer2.3.bn2.weight
2023-03-28 18:07:10,418 layer2.3.bn2.bias
2023-03-28 18:07:10,418 layer3.0.conv1.weight
2023-03-28 18:07:10,418 layer3.0.bn1.weight
2023-03-28 18:07:10,418 layer3.0.bn1.bias
2023-03-28 18:07:10,418 layer3.0.conv2.weight
2023-03-28 18:07:10,418 layer3.0.bn2.weight
2023-03-28 18:07:10,418 layer3.0.bn2.bias
2023-03-28 18:07:10,418 layer3.0.downsample.0.weight
2023-03-28 18:07:10,418 layer3.0.downsample.1.weight
2023-03-28 18:07:10,418 layer3.0.downsample.1.bias
2023-03-28 18:07:10,418 layer3.1.conv1.weight
2023-03-28 18:07:10,418 layer3.1.bn1.weight
2023-03-28 18:07:10,418 layer3.1.bn1.bias
2023-03-28 18:07:10,418 layer3.1.conv2.weight
2023-03-28 18:07:10,418 layer3.1.bn2.weight
2023-03-28 18:07:10,418 layer3.1.bn2.bias
2023-03-28 18:07:10,418 layer3.2.conv1.weight
2023-03-28 18:07:10,418 layer3.2.bn1.weight
2023-03-28 18:07:10,418 layer3.2.bn1.bias
2023-03-28 18:07:10,418 layer3.2.conv2.weight
2023-03-28 18:07:10,418 layer3.2.bn2.weight
2023-03-28 18:07:10,419 layer3.2.bn2.bias
2023-03-28 18:07:10,419 layer3.3.conv1.weight
2023-03-28 18:07:10,419 layer3.3.bn1.weight
2023-03-28 18:07:10,419 layer3.3.bn1.bias
2023-03-28 18:07:10,419 layer3.3.conv2.weight
2023-03-28 18:07:10,419 layer3.3.bn2.weight
2023-03-28 18:07:10,419 layer3.3.bn2.bias
2023-03-28 18:07:10,419 layer3.4.conv1.weight
2023-03-28 18:07:10,419 layer3.4.bn1.weight
2023-03-28 18:07:10,419 layer3.4.bn1.bias
2023-03-28 18:07:10,419 layer3.4.conv2.weight
2023-03-28 18:07:10,419 layer3.4.bn2.weight
2023-03-28 18:07:10,419 layer3.4.bn2.bias
2023-03-28 18:07:10,419 layer3.5.conv1.weight
2023-03-28 18:07:10,419 layer3.5.bn1.weight
2023-03-28 18:07:10,419 layer3.5.bn1.bias
2023-03-28 18:07:10,419 layer3.5.conv2.weight
2023-03-28 18:07:10,419 layer3.5.bn2.weight
2023-03-28 18:07:10,419 layer3.5.bn2.bias
2023-03-28 18:07:10,419 layer4.0.conv1.weight
2023-03-28 18:07:10,419 layer4.0.bn1.weight
2023-03-28 18:07:10,419 layer4.0.bn1.bias
2023-03-28 18:07:10,419 layer4.0.conv2.weight
2023-03-28 18:07:10,419 layer4.0.bn2.weight
2023-03-28 18:07:10,420 layer4.0.bn2.bias
2023-03-28 18:07:10,420 layer4.0.downsample.0.weight
2023-03-28 18:07:10,420 layer4.0.downsample.1.weight
2023-03-28 18:07:10,420 layer4.0.downsample.1.bias
2023-03-28 18:07:10,420 layer4.1.conv1.weight
2023-03-28 18:07:10,420 layer4.1.bn1.weight
2023-03-28 18:07:10,420 layer4.1.bn1.bias
2023-03-28 18:07:10,420 layer4.1.conv2.weight
2023-03-28 18:07:10,420 layer4.1.bn2.weight
2023-03-28 18:07:10,420 layer4.1.bn2.bias
2023-03-28 18:07:10,420 layer4.2.conv1.weight
2023-03-28 18:07:10,420 layer4.2.bn1.weight
2023-03-28 18:07:10,420 layer4.2.bn1.bias
2023-03-28 18:07:10,420 layer4.2.conv2.weight
2023-03-28 18:07:10,420 layer4.2.bn2.weight
2023-03-28 18:07:10,420 layer4.2.bn2.bias
2023-03-28 18:07:10,420 model
2023-03-28 18:07:10,420 encoder.conv1.weight
2023-03-28 18:07:10,420 encoder.bn1.weight
2023-03-28 18:07:10,420 encoder.bn1.bias
2023-03-28 18:07:10,420 encoder.layer1.0.conv1.weight
2023-03-28 18:07:10,420 encoder.layer1.0.bn1.weight
2023-03-28 18:07:10,420 encoder.layer1.0.bn1.bias
2023-03-28 18:07:10,420 encoder.layer1.0.conv2.weight
2023-03-28 18:07:10,420 encoder.layer1.0.bn2.weight
2023-03-28 18:07:10,421 encoder.layer1.0.bn2.bias
2023-03-28 18:07:10,421 encoder.layer1.1.conv1.weight
2023-03-28 18:07:10,421 encoder.layer1.1.bn1.weight
2023-03-28 18:07:10,421 encoder.layer1.1.bn1.bias
2023-03-28 18:07:10,421 encoder.layer1.1.conv2.weight
2023-03-28 18:07:10,421 encoder.layer1.1.bn2.weight
2023-03-28 18:07:10,421 encoder.layer1.1.bn2.bias
2023-03-28 18:07:10,421 encoder.layer1.2.conv1.weight
2023-03-28 18:07:10,421 encoder.layer1.2.bn1.weight
2023-03-28 18:07:10,421 encoder.layer1.2.bn1.bias
2023-03-28 18:07:10,421 encoder.layer1.2.conv2.weight
2023-03-28 18:07:10,421 encoder.layer1.2.bn2.weight
2023-03-28 18:07:10,421 encoder.layer1.2.bn2.bias
2023-03-28 18:07:10,421 encoder.layer2.0.conv1.weight
2023-03-28 18:07:10,421 encoder.layer2.0.bn1.weight
2023-03-28 18:07:10,421 encoder.layer2.0.bn1.bias
2023-03-28 18:07:10,421 encoder.layer2.0.conv2.weight
2023-03-28 18:07:10,421 encoder.layer2.0.bn2.weight
2023-03-28 18:07:10,421 encoder.layer2.0.bn2.bias
2023-03-28 18:07:10,421 encoder.layer2.0.downsample.0.weight
2023-03-28 18:07:10,421 encoder.layer2.0.downsample.1.weight
2023-03-28 18:07:10,421 encoder.layer2.0.downsample.1.bias
2023-03-28 18:07:10,421 encoder.layer2.1.conv1.weight
2023-03-28 18:07:10,421 encoder.layer2.1.bn1.weight
2023-03-28 18:07:10,421 encoder.layer2.1.bn1.bias
2023-03-28 18:07:10,422 encoder.layer2.1.conv2.weight
2023-03-28 18:07:10,422 encoder.layer2.1.bn2.weight
2023-03-28 18:07:10,422 encoder.layer2.1.bn2.bias
2023-03-28 18:07:10,422 encoder.layer2.2.conv1.weight
2023-03-28 18:07:10,422 encoder.layer2.2.bn1.weight
2023-03-28 18:07:10,422 encoder.layer2.2.bn1.bias
2023-03-28 18:07:10,422 encoder.layer2.2.conv2.weight
2023-03-28 18:07:10,422 encoder.layer2.2.bn2.weight
2023-03-28 18:07:10,422 encoder.layer2.2.bn2.bias
2023-03-28 18:07:10,422 encoder.layer2.3.conv1.weight
2023-03-28 18:07:10,422 encoder.layer2.3.bn1.weight
2023-03-28 18:07:10,422 encoder.layer2.3.bn1.bias
2023-03-28 18:07:10,422 encoder.layer2.3.conv2.weight
2023-03-28 18:07:10,422 encoder.layer2.3.bn2.weight
2023-03-28 18:07:10,422 encoder.layer2.3.bn2.bias
2023-03-28 18:07:10,422 encoder.layer3.0.conv1.weight
2023-03-28 18:07:10,422 encoder.layer3.0.bn1.weight
2023-03-28 18:07:10,422 encoder.layer3.0.bn1.bias
2023-03-28 18:07:10,422 encoder.layer3.0.conv2.weight
2023-03-28 18:07:10,422 encoder.layer3.0.bn2.weight
2023-03-28 18:07:10,422 encoder.layer3.0.bn2.bias
2023-03-28 18:07:10,422 encoder.layer3.0.downsample.0.weight
2023-03-28 18:07:10,422 encoder.layer3.0.downsample.1.weight
2023-03-28 18:07:10,422 encoder.layer3.0.downsample.1.bias
2023-03-28 18:07:10,423 encoder.layer3.1.conv1.weight
2023-03-28 18:07:10,423 encoder.layer3.1.bn1.weight
2023-03-28 18:07:10,423 encoder.layer3.1.bn1.bias
2023-03-28 18:07:10,423 encoder.layer3.1.conv2.weight
2023-03-28 18:07:10,423 encoder.layer3.1.bn2.weight
2023-03-28 18:07:10,423 encoder.layer3.1.bn2.bias
2023-03-28 18:07:10,423 encoder.layer3.2.conv1.weight
2023-03-28 18:07:10,423 encoder.layer3.2.bn1.weight
2023-03-28 18:07:10,423 encoder.layer3.2.bn1.bias
2023-03-28 18:07:10,423 encoder.layer3.2.conv2.weight
2023-03-28 18:07:10,423 encoder.layer3.2.bn2.weight
2023-03-28 18:07:10,423 encoder.layer3.2.bn2.bias
2023-03-28 18:07:10,423 encoder.layer3.3.conv1.weight
2023-03-28 18:07:10,423 encoder.layer3.3.bn1.weight
2023-03-28 18:07:10,423 encoder.layer3.3.bn1.bias
2023-03-28 18:07:10,423 encoder.layer3.3.conv2.weight
2023-03-28 18:07:10,423 encoder.layer3.3.bn2.weight
2023-03-28 18:07:10,423 encoder.layer3.3.bn2.bias
2023-03-28 18:07:10,423 encoder.layer3.4.conv1.weight
2023-03-28 18:07:10,423 encoder.layer3.4.bn1.weight
2023-03-28 18:07:10,423 encoder.layer3.4.bn1.bias
2023-03-28 18:07:10,423 encoder.layer3.4.conv2.weight
2023-03-28 18:07:10,423 encoder.layer3.4.bn2.weight
2023-03-28 18:07:10,423 encoder.layer3.4.bn2.bias
2023-03-28 18:07:10,423 encoder.layer3.5.conv1.weight
2023-03-28 18:07:10,424 encoder.layer3.5.bn1.weight
2023-03-28 18:07:10,424 encoder.layer3.5.bn1.bias
2023-03-28 18:07:10,424 encoder.layer3.5.conv2.weight
2023-03-28 18:07:10,424 encoder.layer3.5.bn2.weight
2023-03-28 18:07:10,424 encoder.layer3.5.bn2.bias
2023-03-28 18:07:10,424 encoder.layer4.0.conv1.weight
2023-03-28 18:07:10,424 encoder.layer4.0.bn1.weight
2023-03-28 18:07:10,424 encoder.layer4.0.bn1.bias
2023-03-28 18:07:10,424 encoder.layer4.0.conv2.weight
2023-03-28 18:07:10,424 encoder.layer4.0.bn2.weight
2023-03-28 18:07:10,424 encoder.layer4.0.bn2.bias
2023-03-28 18:07:10,424 encoder.layer4.0.downsample.0.weight
2023-03-28 18:07:10,424 encoder.layer4.0.downsample.1.weight
2023-03-28 18:07:10,424 encoder.layer4.0.downsample.1.bias
2023-03-28 18:07:10,424 encoder.layer4.1.conv1.weight
2023-03-28 18:07:10,424 encoder.layer4.1.bn1.weight
2023-03-28 18:07:10,424 encoder.layer4.1.bn1.bias
2023-03-28 18:07:10,424 encoder.layer4.1.conv2.weight
2023-03-28 18:07:10,424 encoder.layer4.1.bn2.weight
2023-03-28 18:07:10,424 encoder.layer4.1.bn2.bias
2023-03-28 18:07:10,424 encoder.layer4.2.conv1.weight
2023-03-28 18:07:10,424 encoder.layer4.2.bn1.weight
2023-03-28 18:07:10,424 encoder.layer4.2.bn1.bias
2023-03-28 18:07:10,424 encoder.layer4.2.conv2.weight
2023-03-28 18:07:10,424 encoder.layer4.2.bn2.weight
2023-03-28 18:07:10,425 encoder.layer4.2.bn2.bias
2023-03-28 18:07:10,425 convlstm.conv.weight
2023-03-28 18:07:10,425 convlstm.conv.bias
2023-03-28 18:07:10,425 decoder.blocks.0.conv1.0.weight
2023-03-28 18:07:10,425 decoder.blocks.0.conv1.1.weight
2023-03-28 18:07:10,425 decoder.blocks.0.conv1.1.bias
2023-03-28 18:07:10,425 decoder.blocks.0.conv2.0.weight
2023-03-28 18:07:10,425 decoder.blocks.0.conv2.1.weight
2023-03-28 18:07:10,425 decoder.blocks.0.conv2.1.bias
2023-03-28 18:07:10,425 decoder.blocks.1.conv1.0.weight
2023-03-28 18:07:10,425 decoder.blocks.1.conv1.1.weight
2023-03-28 18:07:10,425 decoder.blocks.1.conv1.1.bias
2023-03-28 18:07:10,425 decoder.blocks.1.conv2.0.weight
2023-03-28 18:07:10,425 decoder.blocks.1.conv2.1.weight
2023-03-28 18:07:10,425 decoder.blocks.1.conv2.1.bias
2023-03-28 18:07:10,425 decoder.blocks.2.conv1.0.weight
2023-03-28 18:07:10,425 decoder.blocks.2.conv1.1.weight
2023-03-28 18:07:10,425 decoder.blocks.2.conv1.1.bias
2023-03-28 18:07:10,425 decoder.blocks.2.conv2.0.weight
2023-03-28 18:07:10,425 decoder.blocks.2.conv2.1.weight
2023-03-28 18:07:10,425 decoder.blocks.2.conv2.1.bias
2023-03-28 18:07:10,425 decoder.blocks.3.conv1.0.weight
2023-03-28 18:07:10,425 decoder.blocks.3.conv1.1.weight
2023-03-28 18:07:10,426 decoder.blocks.3.conv1.1.bias
2023-03-28 18:07:10,426 decoder.blocks.3.conv2.0.weight
2023-03-28 18:07:10,426 decoder.blocks.3.conv2.1.weight
2023-03-28 18:07:10,426 decoder.blocks.3.conv2.1.bias
2023-03-28 18:07:10,426 decoder.blocks.4.conv1.0.weight
2023-03-28 18:07:10,426 decoder.blocks.4.conv1.1.weight
2023-03-28 18:07:10,426 decoder.blocks.4.conv1.1.bias
2023-03-28 18:07:10,426 decoder.blocks.4.conv2.0.weight
2023-03-28 18:07:10,426 decoder.blocks.4.conv2.1.weight
2023-03-28 18:07:10,426 decoder.blocks.4.conv2.1.bias
2023-03-28 18:07:10,426 head.0.weight
2023-03-28 18:07:10,426 head.0.bias
